2022-03-13 15:49:42.062  INFO 19028 --- [main] lavalink.server.Launcher                 : 

[32m       .  [31m _                  _ _       _    [32m__ _ _
[32m      /\\ [31m| | __ ___   ____ _| (_)_ __ | | __[32m\ \ \ \
[32m     ( ( )[31m| |/ _` \ \ / / _` | | | '_ \| |/ /[32m \ \ \ \
[32m      \\/ [31m| | (_| |\ V / (_| | | | | | |   < [32m  ) ) ) )
[32m       '  [31m|_|\__,_| \_/ \__,_|_|_|_| |_|_|\_\[32m / / / /
[0m    =========================================[32m/_/_/_/[0m

	Version:        3.4
	Build:          1257
	Build time:     26.10.2021 14:18:37 UTC
	Branch          master
	Commit:         a364833
	Commit time:    26.10.2021 14:15:20 UTC
	JVM:            11.0.10
	Lavaplayer      1.3.96-original

2022-03-13 15:49:42.087  INFO 19028 --- [main] o.s.boot.SpringApplication               : 
  .   ____          _            __ _ _
 /\\ / ___'_ __ _ _(_)_ __  __ _ \ \ \ \
( ( )\___ | '_ | '_| | '_ \/ _` | \ \ \ \
 \\/  ___)| |_)| | | | | || (_| |  ) ) ) )
  '  |____| .__|_| |_|_| |_\__, | / / / /
 =========|_|==============|___/=/_/_/_/
 :: Spring Boot ::        (v2.1.8.RELEASE)


2022-03-13 15:49:42.146  INFO 19028 --- [main] lavalink.server.Launcher                 : Starting Launcher on DESKTOP-LQ72U5J with PID 19028 (C:\Users\Owner\Desktop\Lavalink\Lavalink.jar started by Owner in C:\Users\Owner\Desktop\Lavalink)
2022-03-13 15:49:42.147  INFO 19028 --- [main] lavalink.server.Launcher                 : No active profile set, falling back to default profiles: default
2022-03-13 15:49:42.184  WARN 19028 --- [background-preinit] o.s.h.c.j.Jackson2ObjectMapperBuilder    : For Jackson Kotlin classes support please add "com.fasterxml.jackson.module:jackson-module-kotlin" to the classpath
2022-03-13 15:49:43.083  WARN 19028 --- [main] io.undertow.websockets.jsr               : UT026010: Buffer pool was not set on WebSocketDeploymentInfo, the default pool will be used
2022-03-13 15:49:43.100  INFO 19028 --- [main] io.undertow.servlet                      : Initializing Spring embedded WebApplicationContext
2022-03-13 15:49:43.101  INFO 19028 --- [main] o.s.web.context.ContextLoader            : Root WebApplicationContext: initialization completed in 923 ms
2022-03-13 15:49:43.342  WARN 19028 --- [main] l.server.config.SentryConfiguration      : Turning off sentry
2022-03-13 15:49:43.549  INFO 19028 --- [main] c.s.d.l.tools.GarbageCollectionMonitor   : GC monitoring enabled, reporting results every 2 minutes.
2022-03-13 15:49:43.672  INFO 19028 --- [main] lavalink.server.config.KoeConfiguration  : OS: Windows 10, Arch: amd64
2022-03-13 15:49:43.672  WARN 19028 --- [main] lavalink.server.config.KoeConfiguration  : This system and architecture appears to not support native audio sending! GC pauses may cause your bot to stutter during playback.
2022-03-13 15:49:43.817  INFO 19028 --- [main] o.s.s.concurrent.ThreadPoolTaskExecutor  : Initializing ExecutorService 'applicationTaskExecutor'
2022-03-13 15:49:44.057  INFO 19028 --- [main] org.xnio                                 : XNIO version 3.3.8.Final
2022-03-13 15:49:44.068  INFO 19028 --- [main] org.xnio.nio                             : XNIO NIO Implementation Version 3.3.8.Final
2022-03-13 15:49:44.114  INFO 19028 --- [main] o.s.b.w.e.u.UndertowServletWebServer     : Undertow started on port(s) 2333 (http) with context path ''
2022-03-13 15:49:44.119  INFO 19028 --- [main] lavalink.server.Launcher                 : Started Launcher in 2.411 seconds (JVM running for 2.777)
2022-03-13 15:49:44.120  INFO 19028 --- [main] lavalink.server.Launcher                 : You can safely ignore the big red warning about illegal reflection. See https://github.com/freyacodes/Lavalink/issues/295
2022-03-13 15:59:15.210  INFO 17936 --- [main] lavalink.server.Launcher                 : 

[32m       .  [31m _                  _ _       _    [32m__ _ _
[32m      /\\ [31m| | __ ___   ____ _| (_)_ __ | | __[32m\ \ \ \
[32m     ( ( )[31m| |/ _` \ \ / / _` | | | '_ \| |/ /[32m \ \ \ \
[32m      \\/ [31m| | (_| |\ V / (_| | | | | | |   < [32m  ) ) ) )
[32m       '  [31m|_|\__,_| \_/ \__,_|_|_|_| |_|_|\_\[32m / / / /
[0m    =========================================[32m/_/_/_/[0m

	Version:        3.4
	Build:          1257
	Build time:     26.10.2021 14:18:37 UTC
	Branch          master
	Commit:         a364833
	Commit time:    26.10.2021 14:15:20 UTC
	JVM:            11.0.10
	Lavaplayer      1.3.96-original

2022-03-13 15:59:15.237  INFO 17936 --- [main] o.s.boot.SpringApplication               : 
  .   ____          _            __ _ _
 /\\ / ___'_ __ _ _(_)_ __  __ _ \ \ \ \
( ( )\___ | '_ | '_| | '_ \/ _` | \ \ \ \
 \\/  ___)| |_)| | | | | || (_| |  ) ) ) )
  '  |____| .__|_| |_|_| |_\__, | / / / /
 =========|_|==============|___/=/_/_/_/
 :: Spring Boot ::        (v2.1.8.RELEASE)


2022-03-13 15:59:15.297  INFO 17936 --- [main] lavalink.server.Launcher                 : Starting Launcher on DESKTOP-LQ72U5J with PID 17936 (C:\Users\Owner\Desktop\Lavalink\Lavalink.jar started by Owner in C:\Users\Owner\Desktop\Lavalink)
2022-03-13 15:59:15.297  INFO 17936 --- [main] lavalink.server.Launcher                 : No active profile set, falling back to default profiles: default
2022-03-13 15:59:15.352  WARN 17936 --- [background-preinit] o.s.h.c.j.Jackson2ObjectMapperBuilder    : For Jackson Kotlin classes support please add "com.fasterxml.jackson.module:jackson-module-kotlin" to the classpath
2022-03-13 15:59:16.157  WARN 17936 --- [main] io.undertow.websockets.jsr               : UT026010: Buffer pool was not set on WebSocketDeploymentInfo, the default pool will be used
2022-03-13 15:59:16.173  INFO 17936 --- [main] io.undertow.servlet                      : Initializing Spring embedded WebApplicationContext
2022-03-13 15:59:16.173  INFO 17936 --- [main] o.s.web.context.ContextLoader            : Root WebApplicationContext: initialization completed in 848 ms
2022-03-13 15:59:16.399  WARN 17936 --- [main] l.server.config.SentryConfiguration      : Turning off sentry
2022-03-13 15:59:16.570  INFO 17936 --- [main] c.s.d.l.tools.GarbageCollectionMonitor   : GC monitoring enabled, reporting results every 2 minutes.
2022-03-13 15:59:16.680  INFO 17936 --- [main] lavalink.server.config.KoeConfiguration  : OS: Windows 10, Arch: amd64
2022-03-13 15:59:16.680  WARN 17936 --- [main] lavalink.server.config.KoeConfiguration  : This system and architecture appears to not support native audio sending! GC pauses may cause your bot to stutter during playback.
2022-03-13 15:59:16.815  INFO 17936 --- [main] o.s.s.concurrent.ThreadPoolTaskExecutor  : Initializing ExecutorService 'applicationTaskExecutor'
2022-03-13 15:59:17.029  INFO 17936 --- [main] org.xnio                                 : XNIO version 3.3.8.Final
2022-03-13 15:59:17.037  INFO 17936 --- [main] org.xnio.nio                             : XNIO NIO Implementation Version 3.3.8.Final
2022-03-13 15:59:17.081  INFO 17936 --- [main] o.s.b.w.e.u.UndertowServletWebServer     : Undertow started on port(s) 2333 (http) with context path ''
2022-03-13 15:59:17.084  INFO 17936 --- [main] lavalink.server.Launcher                 : Started Launcher in 2.199 seconds (JVM running for 2.517)
2022-03-13 15:59:17.084  INFO 17936 --- [main] lavalink.server.Launcher                 : You can safely ignore the big red warning about illegal reflection. See https://github.com/freyacodes/Lavalink/issues/295
2022-03-13 15:59:42.438  INFO 7064 --- [main] lavalink.server.Launcher                 : 

[32m       .  [31m _                  _ _       _    [32m__ _ _
[32m      /\\ [31m| | __ ___   ____ _| (_)_ __ | | __[32m\ \ \ \
[32m     ( ( )[31m| |/ _` \ \ / / _` | | | '_ \| |/ /[32m \ \ \ \
[32m      \\/ [31m| | (_| |\ V / (_| | | | | | |   < [32m  ) ) ) )
[32m       '  [31m|_|\__,_| \_/ \__,_|_|_|_| |_|_|\_\[32m / / / /
[0m    =========================================[32m/_/_/_/[0m

	Version:        3.4
	Build:          1257
	Build time:     26.10.2021 14:18:37 UTC
	Branch          master
	Commit:         a364833
	Commit time:    26.10.2021 14:15:20 UTC
	JVM:            11.0.10
	Lavaplayer      1.3.96-original

2022-03-13 15:59:42.469  INFO 7064 --- [main] o.s.boot.SpringApplication               : 
  .   ____          _            __ _ _
 /\\ / ___'_ __ _ _(_)_ __  __ _ \ \ \ \
( ( )\___ | '_ | '_| | '_ \/ _` | \ \ \ \
 \\/  ___)| |_)| | | | | || (_| |  ) ) ) )
  '  |____| .__|_| |_|_| |_\__, | / / / /
 =========|_|==============|___/=/_/_/_/
 :: Spring Boot ::        (v2.1.8.RELEASE)


2022-03-13 15:59:42.533  INFO 7064 --- [main] lavalink.server.Launcher                 : Starting Launcher on DESKTOP-LQ72U5J with PID 7064 (C:\Users\Owner\Desktop\Lavalink\Lavalink.jar started by Owner in C:\Users\Owner\Desktop\Lavalink)
2022-03-13 15:59:42.534  INFO 7064 --- [main] lavalink.server.Launcher                 : No active profile set, falling back to default profiles: default
2022-03-13 15:59:42.596  WARN 7064 --- [background-preinit] o.s.h.c.j.Jackson2ObjectMapperBuilder    : For Jackson Kotlin classes support please add "com.fasterxml.jackson.module:jackson-module-kotlin" to the classpath
2022-03-13 15:59:43.520  WARN 7064 --- [main] io.undertow.websockets.jsr               : UT026010: Buffer pool was not set on WebSocketDeploymentInfo, the default pool will be used
2022-03-13 15:59:43.537  INFO 7064 --- [main] io.undertow.servlet                      : Initializing Spring embedded WebApplicationContext
2022-03-13 15:59:43.538  INFO 7064 --- [main] o.s.web.context.ContextLoader            : Root WebApplicationContext: initialization completed in 970 ms
2022-03-13 15:59:43.773  WARN 7064 --- [main] l.server.config.SentryConfiguration      : Turning off sentry
2022-03-13 15:59:43.951  INFO 7064 --- [main] c.s.d.l.tools.GarbageCollectionMonitor   : GC monitoring enabled, reporting results every 2 minutes.
2022-03-13 15:59:44.067  INFO 7064 --- [main] lavalink.server.config.KoeConfiguration  : OS: Windows 10, Arch: amd64
2022-03-13 15:59:44.067  WARN 7064 --- [main] lavalink.server.config.KoeConfiguration  : This system and architecture appears to not support native audio sending! GC pauses may cause your bot to stutter during playback.
2022-03-13 15:59:44.213  INFO 7064 --- [main] o.s.s.concurrent.ThreadPoolTaskExecutor  : Initializing ExecutorService 'applicationTaskExecutor'
2022-03-13 15:59:44.443  INFO 7064 --- [main] org.xnio                                 : XNIO version 3.3.8.Final
2022-03-13 15:59:44.450  INFO 7064 --- [main] org.xnio.nio                             : XNIO NIO Implementation Version 3.3.8.Final
2022-03-13 15:59:44.498  INFO 7064 --- [main] ConditionEvaluationReportLoggingListener : 

Error starting ApplicationContext. To display the conditions report re-run your application with 'debug' enabled.
2022-03-13 15:59:44.502 ERROR 7064 --- [main] lavalink.server.Launcher                 : Application failed

org.springframework.boot.web.server.PortInUseException: Port 2333 is already in use
	at org.springframework.boot.web.embedded.undertow.UndertowServletWebServer.start(UndertowServletWebServer.java:154) ~[spring-boot-2.1.8.RELEASE.jar!/:2.1.8.RELEASE]
	at org.springframework.boot.web.servlet.context.ServletWebServerApplicationContext.startWebServer(ServletWebServerApplicationContext.java:297) ~[spring-boot-2.1.8.RELEASE.jar!/:2.1.8.RELEASE]
	at org.springframework.boot.web.servlet.context.ServletWebServerApplicationContext.finishRefresh(ServletWebServerApplicationContext.java:163) ~[spring-boot-2.1.8.RELEASE.jar!/:2.1.8.RELEASE]
	at org.springframework.context.support.AbstractApplicationContext.refresh(AbstractApplicationContext.java:552) ~[spring-context-5.1.9.RELEASE.jar!/:5.1.9.RELEASE]
	at org.springframework.boot.web.servlet.context.ServletWebServerApplicationContext.refresh(ServletWebServerApplicationContext.java:141) ~[spring-boot-2.1.8.RELEASE.jar!/:2.1.8.RELEASE]
	at org.springframework.boot.SpringApplication.refresh(SpringApplication.java:744) ~[spring-boot-2.1.8.RELEASE.jar!/:2.1.8.RELEASE]
	at org.springframework.boot.SpringApplication.refreshContext(SpringApplication.java:391) ~[spring-boot-2.1.8.RELEASE.jar!/:2.1.8.RELEASE]
	at org.springframework.boot.SpringApplication.run(SpringApplication.java:312) ~[spring-boot-2.1.8.RELEASE.jar!/:2.1.8.RELEASE]
	at lavalink.server.Launcher.main(Launcher.kt:127) ~[classes!/:na]
	at java.base/jdk.internal.reflect.NativeMethodAccessorImpl.invoke0(Native Method) ~[na:na]
	at java.base/jdk.internal.reflect.NativeMethodAccessorImpl.invoke(NativeMethodAccessorImpl.java:62) ~[na:na]
	at java.base/jdk.internal.reflect.DelegatingMethodAccessorImpl.invoke(DelegatingMethodAccessorImpl.java:43) ~[na:na]
	at java.base/java.lang.reflect.Method.invoke(Method.java:566) ~[na:na]
	at org.springframework.boot.loader.MainMethodRunner.run(MainMethodRunner.java:48) ~[Lavalink.jar:na]
	at org.springframework.boot.loader.Launcher.launch(Launcher.java:87) ~[Lavalink.jar:na]
	at org.springframework.boot.loader.Launcher.launch(Launcher.java:51) ~[Lavalink.jar:na]
	at org.springframework.boot.loader.JarLauncher.main(JarLauncher.java:52) ~[Lavalink.jar:na]

2022-03-13 15:59:44.504 ERROR 7064 --- [main] o.s.b.d.LoggingFailureAnalysisReporter   : 

***************************
APPLICATION FAILED TO START
***************************

Description:

Web server failed to start. Port 2333 was already in use.

Action:

Identify and stop the process that's listening on port 2333 or configure this application to listen on another port.

2022-03-13 15:59:44.507  INFO 7064 --- [main] o.s.s.concurrent.ThreadPoolTaskExecutor  : Shutting down ExecutorService 'applicationTaskExecutor'
2022-03-13 15:59:44.508  INFO 7064 --- [main] c.s.d.l.tools.GarbageCollectionMonitor   : GC monitoring disabled.
2022-03-13 16:00:16.192  INFO 16972 --- [main] lavalink.server.Launcher                 : 

[32m       .  [31m _                  _ _       _    [32m__ _ _
[32m      /\\ [31m| | __ ___   ____ _| (_)_ __ | | __[32m\ \ \ \
[32m     ( ( )[31m| |/ _` \ \ / / _` | | | '_ \| |/ /[32m \ \ \ \
[32m      \\/ [31m| | (_| |\ V / (_| | | | | | |   < [32m  ) ) ) )
[32m       '  [31m|_|\__,_| \_/ \__,_|_|_|_| |_|_|\_\[32m / / / /
[0m    =========================================[32m/_/_/_/[0m

	Version:        3.4
	Build:          1257
	Build time:     26.10.2021 14:18:37 UTC
	Branch          master
	Commit:         a364833
	Commit time:    26.10.2021 14:15:20 UTC
	JVM:            11.0.10
	Lavaplayer      1.3.96-original

2022-03-13 16:00:16.220  INFO 16972 --- [main] o.s.boot.SpringApplication               : 
  .   ____          _            __ _ _
 /\\ / ___'_ __ _ _(_)_ __  __ _ \ \ \ \
( ( )\___ | '_ | '_| | '_ \/ _` | \ \ \ \
 \\/  ___)| |_)| | | | | || (_| |  ) ) ) )
  '  |____| .__|_| |_|_| |_\__, | / / / /
 =========|_|==============|___/=/_/_/_/
 :: Spring Boot ::        (v2.1.8.RELEASE)


2022-03-13 16:00:16.280  INFO 16972 --- [main] lavalink.server.Launcher                 : Starting Launcher on DESKTOP-LQ72U5J with PID 16972 (C:\Users\Owner\Desktop\Lavalink\Lavalink.jar started by Owner in C:\Users\Owner\Desktop\Lavalink)
2022-03-13 16:00:16.281  INFO 16972 --- [main] lavalink.server.Launcher                 : No active profile set, falling back to default profiles: default
2022-03-13 16:00:16.331  WARN 16972 --- [background-preinit] o.s.h.c.j.Jackson2ObjectMapperBuilder    : For Jackson Kotlin classes support please add "com.fasterxml.jackson.module:jackson-module-kotlin" to the classpath
2022-03-13 16:00:17.135  WARN 16972 --- [main] io.undertow.websockets.jsr               : UT026010: Buffer pool was not set on WebSocketDeploymentInfo, the default pool will be used
2022-03-13 16:00:17.152  INFO 16972 --- [main] io.undertow.servlet                      : Initializing Spring embedded WebApplicationContext
2022-03-13 16:00:17.152  INFO 16972 --- [main] o.s.web.context.ContextLoader            : Root WebApplicationContext: initialization completed in 844 ms
2022-03-13 16:00:17.381  WARN 16972 --- [main] l.server.config.SentryConfiguration      : Turning off sentry
2022-03-13 16:00:17.563  INFO 16972 --- [main] c.s.d.l.tools.GarbageCollectionMonitor   : GC monitoring enabled, reporting results every 2 minutes.
2022-03-13 16:00:17.680  INFO 16972 --- [main] lavalink.server.config.KoeConfiguration  : OS: Windows 10, Arch: amd64
2022-03-13 16:00:17.680  WARN 16972 --- [main] lavalink.server.config.KoeConfiguration  : This system and architecture appears to not support native audio sending! GC pauses may cause your bot to stutter during playback.
2022-03-13 16:00:17.826  INFO 16972 --- [main] o.s.s.concurrent.ThreadPoolTaskExecutor  : Initializing ExecutorService 'applicationTaskExecutor'
2022-03-13 16:00:18.051  INFO 16972 --- [main] org.xnio                                 : XNIO version 3.3.8.Final
2022-03-13 16:00:18.060  INFO 16972 --- [main] org.xnio.nio                             : XNIO NIO Implementation Version 3.3.8.Final
2022-03-13 16:00:18.118  INFO 16972 --- [main] o.s.b.w.e.u.UndertowServletWebServer     : Undertow started on port(s) 2333 (http) with context path ''
2022-03-13 16:00:18.122  INFO 16972 --- [main] lavalink.server.Launcher                 : Started Launcher in 2.248 seconds (JVM running for 2.567)
2022-03-13 16:00:18.124  INFO 16972 --- [main] lavalink.server.Launcher                 : You can safely ignore the big red warning about illegal reflection. See https://github.com/freyacodes/Lavalink/issues/295
2022-03-13 16:00:28.805  INFO 16972 --- [XNIO-1 task-1] io.undertow.servlet                      : Initializing Spring DispatcherServlet 'dispatcherServlet'
2022-03-13 16:00:28.805  INFO 16972 --- [XNIO-1 task-1] o.s.web.servlet.DispatcherServlet        : Initializing Servlet 'dispatcherServlet'
2022-03-13 16:00:28.811  INFO 16972 --- [XNIO-1 task-1] o.s.web.servlet.DispatcherServlet        : Completed initialization in 5 ms
2022-03-13 16:00:28.828  INFO 16972 --- [XNIO-1 task-1] l.server.io.HandshakeInterceptorImpl     : Incoming connection from /127.0.0.1:50551
2022-03-13 16:00:28.878  INFO 16972 --- [XNIO-1 task-1] lavalink.server.io.SocketServer          : Connection successfully established
2022-03-13 16:00:28.878  WARN 16972 --- [XNIO-1 task-1] lavalink.server.io.SocketServer          : Library developers: Please specify a 'Client-Name' header.
2022-03-13 16:02:15.132  INFO 16972 --- [XNIO-1 I/O-11] lavalink.server.io.SocketServer          : Connection closed from /127.0.0.1:50551 -- CloseStatus[code=1006, reason=]
2022-03-13 16:02:15.133  INFO 16972 --- [XNIO-1 I/O-11] lavalink.server.io.SocketContext         : Shutting down 0 playing players.
2022-03-13 16:02:24.309  INFO 16972 --- [XNIO-1 task-2] l.server.io.HandshakeInterceptorImpl     : Incoming connection from /127.0.0.1:50606
2022-03-13 16:02:24.311  INFO 16972 --- [XNIO-1 task-2] lavalink.server.io.SocketServer          : Connection successfully established
2022-03-13 16:02:24.312  WARN 16972 --- [XNIO-1 task-2] lavalink.server.io.SocketServer          : Library developers: Please specify a 'Client-Name' header.
2022-03-13 16:03:05.760  INFO 16972 --- [XNIO-1 I/O-10] lavalink.server.io.SocketServer          : Connection closed from /127.0.0.1:50606 -- CloseStatus[code=1006, reason=]
2022-03-13 16:03:05.761  INFO 16972 --- [XNIO-1 I/O-10] lavalink.server.io.SocketContext         : Shutting down 0 playing players.
2022-03-13 16:12:48.793  INFO 16972 --- [XNIO-1 task-3] l.server.io.HandshakeInterceptorImpl     : Incoming connection from /127.0.0.1:50887
2022-03-13 16:12:48.797  INFO 16972 --- [XNIO-1 task-3] lavalink.server.io.SocketServer          : Connection successfully established
2022-03-13 16:12:48.798  WARN 16972 --- [XNIO-1 task-3] lavalink.server.io.SocketServer          : Library developers: Please specify a 'Client-Name' header.
2022-03-13 16:13:55.728  INFO 16972 --- [XNIO-1 I/O-11] lavalink.server.io.SocketServer          : Connection closed from /127.0.0.1:50887 -- CloseStatus[code=1006, reason=]
2022-03-13 16:13:55.728  INFO 16972 --- [XNIO-1 I/O-11] lavalink.server.io.SocketContext         : Shutting down 0 playing players.
2022-03-13 16:14:15.172  INFO 16972 --- [XNIO-1 task-4] l.server.io.HandshakeInterceptorImpl     : Incoming connection from /127.0.0.1:50936
2022-03-13 16:14:15.174  INFO 16972 --- [XNIO-1 task-4] lavalink.server.io.SocketServer          : Connection successfully established
2022-03-13 16:14:15.175  WARN 16972 --- [XNIO-1 task-4] lavalink.server.io.SocketServer          : Library developers: Please specify a 'Client-Name' header.
2022-03-13 16:14:36.327  INFO 16972 --- [XNIO-1 I/O-4] lavalink.server.io.SocketServer          : Connection closed from /127.0.0.1:50936 -- CloseStatus[code=1006, reason=]
2022-03-13 16:14:36.328  INFO 16972 --- [XNIO-1 I/O-4] lavalink.server.io.SocketContext         : Shutting down 0 playing players.
2022-03-13 16:23:27.193  INFO 23296 --- [main] lavalink.server.Launcher                 : 

[32m       .  [31m _                  _ _       _    [32m__ _ _
[32m      /\\ [31m| | __ ___   ____ _| (_)_ __ | | __[32m\ \ \ \
[32m     ( ( )[31m| |/ _` \ \ / / _` | | | '_ \| |/ /[32m \ \ \ \
[32m      \\/ [31m| | (_| |\ V / (_| | | | | | |   < [32m  ) ) ) )
[32m       '  [31m|_|\__,_| \_/ \__,_|_|_|_| |_|_|\_\[32m / / / /
[0m    =========================================[32m/_/_/_/[0m

	Version:        3.4
	Build:          1257
	Build time:     26.10.2021 14:18:37 UTC
	Branch          master
	Commit:         a364833
	Commit time:    26.10.2021 14:15:20 UTC
	JVM:            13.0.2
	Lavaplayer      1.3.96-original

2022-03-13 16:23:27.215  INFO 23296 --- [main] o.s.boot.SpringApplication               : 
  .   ____          _            __ _ _
 /\\ / ___'_ __ _ _(_)_ __  __ _ \ \ \ \
( ( )\___ | '_ | '_| | '_ \/ _` | \ \ \ \
 \\/  ___)| |_)| | | | | || (_| |  ) ) ) )
  '  |____| .__|_| |_|_| |_\__, | / / / /
 =========|_|==============|___/=/_/_/_/
 :: Spring Boot ::        (v2.1.8.RELEASE)


2022-03-13 16:23:27.279  INFO 23296 --- [main] lavalink.server.Launcher                 : Starting Launcher on DESKTOP-LQ72U5J with PID 23296 (C:\Users\Owner\Desktop\Lavalink\Lavalink.jar started by Owner in C:\Users\Owner\Desktop\Lavalink)
2022-03-13 16:23:27.280  INFO 23296 --- [main] lavalink.server.Launcher                 : No active profile set, falling back to default profiles: default
2022-03-13 16:23:27.330  WARN 23296 --- [background-preinit] o.s.h.c.j.Jackson2ObjectMapperBuilder    : For Jackson Kotlin classes support please add "com.fasterxml.jackson.module:jackson-module-kotlin" to the classpath
2022-03-13 16:23:28.236  WARN 23296 --- [main] io.undertow.websockets.jsr               : UT026010: Buffer pool was not set on WebSocketDeploymentInfo, the default pool will be used
2022-03-13 16:23:28.254  INFO 23296 --- [main] io.undertow.servlet                      : Initializing Spring embedded WebApplicationContext
2022-03-13 16:23:28.255  INFO 23296 --- [main] o.s.web.context.ContextLoader            : Root WebApplicationContext: initialization completed in 944 ms
2022-03-13 16:23:28.496  WARN 23296 --- [main] l.server.config.SentryConfiguration      : Turning off sentry
2022-03-13 16:23:28.683  INFO 23296 --- [main] c.s.d.l.tools.GarbageCollectionMonitor   : GC monitoring enabled, reporting results every 2 minutes.
2022-03-13 16:23:28.971  INFO 23296 --- [main] lavalink.server.config.KoeConfiguration  : OS: Windows 10, Arch: amd64
2022-03-13 16:23:28.972  WARN 23296 --- [main] lavalink.server.config.KoeConfiguration  : This system and architecture appears to not support native audio sending! GC pauses may cause your bot to stutter during playback.
2022-03-13 16:23:29.149  INFO 23296 --- [main] o.s.s.concurrent.ThreadPoolTaskExecutor  : Initializing ExecutorService 'applicationTaskExecutor'
2022-03-13 16:23:29.366  INFO 23296 --- [main] org.xnio                                 : XNIO version 3.3.8.Final
2022-03-13 16:23:29.377  INFO 23296 --- [main] org.xnio.nio                             : XNIO NIO Implementation Version 3.3.8.Final
2022-03-13 16:23:29.424  INFO 23296 --- [main] o.s.b.w.e.u.UndertowServletWebServer     : Undertow started on port(s) 2333 (http) with context path ''
2022-03-13 16:23:29.427  INFO 23296 --- [main] lavalink.server.Launcher                 : Started Launcher in 2.543 seconds (JVM running for 2.843)
2022-03-13 16:23:29.428  INFO 23296 --- [main] lavalink.server.Launcher                 : You can safely ignore the big red warning about illegal reflection. See https://github.com/freyacodes/Lavalink/issues/295
2022-03-13 16:23:41.236  INFO 23296 --- [XNIO-1 task-1] io.undertow.servlet                      : Initializing Spring DispatcherServlet 'dispatcherServlet'
2022-03-13 16:23:41.237  INFO 23296 --- [XNIO-1 task-1] o.s.web.servlet.DispatcherServlet        : Initializing Servlet 'dispatcherServlet'
2022-03-13 16:23:41.243  INFO 23296 --- [XNIO-1 task-1] o.s.web.servlet.DispatcherServlet        : Completed initialization in 5 ms
2022-03-13 16:23:41.259  INFO 23296 --- [XNIO-1 task-1] l.server.io.HandshakeInterceptorImpl     : Incoming connection from /127.0.0.1:58484
2022-03-13 16:23:41.308  INFO 23296 --- [XNIO-1 task-1] lavalink.server.io.SocketServer          : Connection successfully established
2022-03-13 16:23:41.308  WARN 23296 --- [XNIO-1 task-1] lavalink.server.io.SocketServer          : Library developers: Please specify a 'Client-Name' header.
2022-03-13 16:25:06.580  INFO 23296 --- [XNIO-1 I/O-16] lavalink.server.io.SocketServer          : Connection closed from /127.0.0.1:58484 -- CloseStatus[code=1006, reason=]
2022-03-13 16:25:06.581  INFO 23296 --- [XNIO-1 I/O-16] lavalink.server.io.SocketContext         : Shutting down 0 playing players.
2022-03-13 16:25:38.001  INFO 23296 --- [XNIO-1 task-2] l.server.io.HandshakeInterceptorImpl     : Incoming connection from /127.0.0.1:58541
2022-03-13 16:25:38.005  INFO 23296 --- [XNIO-1 task-2] lavalink.server.io.SocketServer          : Connection successfully established
2022-03-13 16:25:38.006  WARN 23296 --- [XNIO-1 task-2] lavalink.server.io.SocketServer          : Library developers: Please specify a 'Client-Name' header.
2022-03-13 16:27:31.154  INFO 23296 --- [XNIO-1 I/O-1] lavalink.server.io.SocketServer          : Connection closed from /127.0.0.1:58541 -- CloseStatus[code=1006, reason=]
2022-03-13 16:27:31.155  INFO 23296 --- [XNIO-1 I/O-1] lavalink.server.io.SocketContext         : Shutting down 0 playing players.
2022-03-13 16:27:51.960  INFO 23296 --- [XNIO-1 task-3] l.server.io.HandshakeInterceptorImpl     : Incoming connection from /127.0.0.1:58613
2022-03-13 16:27:51.963  INFO 23296 --- [XNIO-1 task-3] lavalink.server.io.SocketServer          : Connection successfully established
2022-03-13 16:27:51.963  WARN 23296 --- [XNIO-1 task-3] lavalink.server.io.SocketServer          : Library developers: Please specify a 'Client-Name' header.
2022-03-13 16:28:50.777  INFO 23296 --- [XNIO-1 I/O-9] lavalink.server.io.SocketServer          : Connection closed from /127.0.0.1:58613 -- CloseStatus[code=1006, reason=]
2022-03-13 16:28:50.777  INFO 23296 --- [XNIO-1 I/O-9] lavalink.server.io.SocketContext         : Shutting down 0 playing players.
2022-03-13 16:28:55.565  INFO 23296 --- [XNIO-1 task-4] l.server.io.HandshakeInterceptorImpl     : Incoming connection from /127.0.0.1:58664
2022-03-13 16:28:55.568  INFO 23296 --- [XNIO-1 task-4] lavalink.server.io.SocketServer          : Connection successfully established
2022-03-13 16:28:55.569  WARN 23296 --- [XNIO-1 task-4] lavalink.server.io.SocketServer          : Library developers: Please specify a 'Client-Name' header.
2022-03-13 16:29:59.131  INFO 23296 --- [XNIO-1 I/O-4] lavalink.server.io.SocketServer          : {"sessionId":"0395de4c263faa528ab21f28a2fd3db3","event":{"token":"5df09f1782bf6549","guild_id":"491345457839079444","endpoint":"us-central2729.discord.media:443"},"op":"voiceUpdate","guildId":"491345457839079444"}
2022-03-13 16:30:13.084  INFO 23296 --- [XNIO-1 I/O-4] lavalink.server.io.SocketServer          : Connection closed from /127.0.0.1:58664 -- CloseStatus[code=1006, reason=]
2022-03-13 16:30:13.084  INFO 23296 --- [XNIO-1 I/O-4] lavalink.server.io.SocketContext         : Shutting down 0 playing players.
2022-03-13 16:31:17.621  INFO 23296 --- [XNIO-1 task-5] l.server.io.HandshakeInterceptorImpl     : Incoming connection from /127.0.0.1:58727
2022-03-13 16:31:17.624  INFO 23296 --- [XNIO-1 task-5] lavalink.server.io.SocketServer          : Connection successfully established
2022-03-13 16:31:17.624  WARN 23296 --- [XNIO-1 task-5] lavalink.server.io.SocketServer          : Library developers: Please specify a 'Client-Name' header.
2022-03-13 16:31:20.350  INFO 23296 --- [XNIO-1 I/O-11] lavalink.server.io.SocketServer          : {"sessionId":"c68b715f8f28531ad25213cdc0dbe400","event":{"token":"f9061946e275a019","guild_id":"491345457839079444","endpoint":"us-central2729.discord.media:443"},"op":"voiceUpdate","guildId":"491345457839079444"}
2022-03-13 16:31:27.307  INFO 23296 --- [XNIO-1 task-6] l.server.player.AudioLoaderRestHandler   : Got request to load for identifier "ytsearch:e"
2022-03-13 16:31:27.946  INFO 23296 --- [lava-daemon-pool-info-loader-2-thread-1] lavalink.server.player.AudioLoader       : Loaded playlist Search results for: e
2022-03-13 16:31:27.971  INFO 23296 --- [XNIO-1 I/O-11] lavalink.server.io.SocketServer          : {"track":"QAAAkwIAKU1hdHQgTWFzb24gLSAiRSIgLSAoT0ZGSUNJQUwgTHlyaWMgdmlkZW8pABBNQVRUIE1BU09OIE1VU0lDAAAAAAADtTgACzNRREhOcElxd2tVAAEAK2h0dHBzOi8vd3d3LnlvdXR1YmUuY29tL3dhdGNoP3Y9M1FESE5wSXF3a1UAB3lvdXR1YmUAAAAAAAAAAA==","op":"play","guildId":"491345457839079444"}
2022-03-13 16:31:57.369  INFO 23296 --- [XNIO-1 I/O-11] lavalink.server.io.SocketServer          : Connection closed from /127.0.0.1:58727 -- CloseStatus[code=1006, reason=]
2022-03-13 16:31:57.369  INFO 23296 --- [XNIO-1 I/O-11] lavalink.server.io.SocketContext         : Shutting down 1 playing players.
2022-03-13 16:35:25.771  INFO 23296 --- [XNIO-1 task-8] l.server.io.HandshakeInterceptorImpl     : Incoming connection from /127.0.0.1:52073
2022-03-13 16:35:25.773  INFO 23296 --- [XNIO-1 task-8] lavalink.server.io.SocketServer          : Connection successfully established
2022-03-13 16:35:25.773  WARN 23296 --- [XNIO-1 task-8] lavalink.server.io.SocketServer          : Library developers: Please specify a 'Client-Name' header.
2022-03-13 16:36:29.109  INFO 23296 --- [XNIO-1 I/O-13] lavalink.server.io.SocketServer          : Connection closed from /127.0.0.1:52073 -- CloseStatus[code=1006, reason=]
2022-03-13 16:36:29.109  INFO 23296 --- [XNIO-1 I/O-13] lavalink.server.io.SocketContext         : Shutting down 0 playing players.
2022-03-13 16:36:36.582  INFO 23296 --- [XNIO-1 task-9] l.server.io.HandshakeInterceptorImpl     : Incoming connection from /127.0.0.1:64392
2022-03-13 16:36:36.585  INFO 23296 --- [XNIO-1 task-9] lavalink.server.io.SocketServer          : Connection successfully established
2022-03-13 16:36:36.585  WARN 23296 --- [XNIO-1 task-9] lavalink.server.io.SocketServer          : Library developers: Please specify a 'Client-Name' header.
2022-03-13 16:36:42.654  INFO 23296 --- [XNIO-1 I/O-4] lavalink.server.io.SocketServer          : Connection closed from /127.0.0.1:64392 -- CloseStatus[code=1006, reason=]
2022-03-13 16:36:42.654  INFO 23296 --- [XNIO-1 I/O-4] lavalink.server.io.SocketContext         : Shutting down 0 playing players.
2022-03-13 16:56:37.408  INFO 23296 --- [XNIO-1 task-10] l.server.io.HandshakeInterceptorImpl     : Incoming connection from /127.0.0.1:51236
2022-03-13 16:56:37.411  INFO 23296 --- [XNIO-1 task-10] lavalink.server.io.SocketServer          : Connection successfully established
2022-03-13 16:56:37.412  WARN 23296 --- [XNIO-1 task-10] lavalink.server.io.SocketServer          : Library developers: Please specify a 'Client-Name' header.
2022-03-13 16:57:09.105  INFO 23296 --- [XNIO-1 I/O-16] lavalink.server.io.SocketServer          : Connection closed from /127.0.0.1:51236 -- CloseStatus[code=1006, reason=]
2022-03-13 16:57:09.106  INFO 23296 --- [XNIO-1 I/O-16] lavalink.server.io.SocketContext         : Shutting down 0 playing players.
2022-03-13 16:57:28.379  INFO 23296 --- [XNIO-1 task-11] l.server.io.HandshakeInterceptorImpl     : Incoming connection from /127.0.0.1:51263
2022-03-13 16:57:28.382  INFO 23296 --- [XNIO-1 task-11] lavalink.server.io.SocketServer          : Connection successfully established
2022-03-13 16:57:28.382  WARN 23296 --- [XNIO-1 task-11] lavalink.server.io.SocketServer          : Library developers: Please specify a 'Client-Name' header.
2022-03-13 16:57:43.552  INFO 23296 --- [XNIO-1 I/O-3] lavalink.server.io.SocketServer          : {"sessionId":"8397eccf3f4ec867a61f06ef2e22d5b2","event":{"token":"7d864b7b034c5248","guild_id":"491345457839079444","endpoint":"us-central2729.discord.media:443"},"op":"voiceUpdate","guildId":"491345457839079444"}
2022-03-13 16:58:04.712  INFO 23296 --- [XNIO-1 I/O-3] lavalink.server.io.SocketServer          : Connection closed from /127.0.0.1:51263 -- CloseStatus[code=1006, reason=]
2022-03-13 16:58:04.712  INFO 23296 --- [XNIO-1 I/O-3] lavalink.server.io.SocketContext         : Shutting down 0 playing players.
2022-03-13 16:58:27.579  INFO 23296 --- [XNIO-1 task-12] l.server.io.HandshakeInterceptorImpl     : Incoming connection from /127.0.0.1:51299
2022-03-13 16:58:27.582  INFO 23296 --- [XNIO-1 task-12] lavalink.server.io.SocketServer          : Connection successfully established
2022-03-13 16:58:27.583  WARN 23296 --- [XNIO-1 task-12] lavalink.server.io.SocketServer          : Library developers: Please specify a 'Client-Name' header.
2022-03-13 16:58:31.347  INFO 23296 --- [XNIO-1 I/O-7] lavalink.server.io.SocketServer          : {"sessionId":"f42d8cfc045e504b41a929fe505fe785","event":{"token":"7d864b7b034c5248","guild_id":"491345457839079444","endpoint":"us-central2729.discord.media:443"},"op":"voiceUpdate","guildId":"491345457839079444"}
2022-03-13 16:58:31.773  INFO 23296 --- [XNIO-1 task-13] l.server.player.AudioLoaderRestHandler   : Got request to load for identifier "ytsearch:entrance of the gladiators"
2022-03-13 16:58:32.296  INFO 23296 --- [lava-daemon-pool-info-loader-2-thread-1] lavalink.server.player.AudioLoader       : Loaded playlist Search results for: entrance of the gladiators
2022-03-13 16:58:32.312  INFO 23296 --- [XNIO-1 I/O-7] lavalink.server.io.SocketServer          : {"track":"QAAAkAIAJkp1bGl1cyBGdWNpayAtIEVudHJ5IG9mIHRoZSBHbGFkaWF0b3JzABBUaGUgV2lja2VkIE5vcnRoAAAAAAAC1pAAC19CMEN5T0FPOHkwAAEAK2h0dHBzOi8vd3d3LnlvdXR1YmUuY29tL3dhdGNoP3Y9X0IwQ3lPQU84eTAAB3lvdXR1YmUAAAAAAAAAAA==","op":"play","guildId":"491345457839079444"}
2022-03-13 16:58:40.538  INFO 23296 --- [XNIO-1 I/O-7] lavalink.server.io.SocketServer          : {"op":"destroy","guildId":"491345457839079444"}
2022-03-13 16:58:56.277  INFO 23296 --- [XNIO-1 I/O-7] lavalink.server.io.SocketServer          : {"sessionId":"f42d8cfc045e504b41a929fe505fe785","event":{"token":"8b498f75f93c8fb1","guild_id":"491345457839079444","endpoint":"us-central2729.discord.media:443"},"op":"voiceUpdate","guildId":"491345457839079444"}
2022-03-13 16:58:56.470  INFO 23296 --- [XNIO-1 task-15] l.server.player.AudioLoaderRestHandler   : Got request to load for identifier "ytsearch:standing here i realize"
2022-03-13 16:58:56.919  INFO 23296 --- [lava-daemon-pool-info-loader-2-thread-1] lavalink.server.player.AudioLoader       : Loaded playlist Search results for: standing here i realize
2022-03-13 16:58:56.925  INFO 23296 --- [XNIO-1 I/O-7] lavalink.server.io.SocketServer          : {"track":"QAAApAIAQ01ldGFsIEdlYXIgUmlzaW5nOiBSZXZlbmdlYW5jZSBPU1QgICBJdCBIYXMgVG8gQmUgVGhpcyBXYXkgRXh0ZW5kZWQAB0NyaW1zb24AAAAAAASfmAALWllBUGdQSDloc0kAAQAraHR0cHM6Ly93d3cueW91dHViZS5jb20vd2F0Y2g/dj1aWUFQZ1BIOWhzSQAHeW91dHViZQAAAAAAAAAA","op":"play","guildId":"491345457839079444"}
2022-03-13 16:59:04.544  INFO 23296 --- [XNIO-1 I/O-7] lavalink.server.io.SocketServer          : {"pause":true,"op":"pause","guildId":"491345457839079444"}
2022-03-13 16:59:07.337  INFO 23296 --- [XNIO-1 I/O-7] lavalink.server.io.SocketServer          : {"pause":true,"op":"pause","guildId":"491345457839079444"}
2022-03-13 16:59:16.249  INFO 23296 --- [XNIO-1 task-17] l.server.player.AudioLoaderRestHandler   : Got request to load for identifier "ytsearch:"
2022-03-13 16:59:16.559  INFO 23296 --- [lava-daemon-pool-info-loader-2-thread-1] lavalink.server.player.AudioLoader       : Loaded playlist Search results for: 
2022-03-13 16:59:16.566  INFO 23296 --- [XNIO-1 I/O-7] lavalink.server.io.SocketServer          : {"track":"QAAAjAIAIkhvdyB0byBCbG9jayBhIEJyZWFjaCB8IE1hc3RlciBLZW4AEEVudGVyVGhlRG9qb1Nob3cAAAAAAAOKQAALdTJNemkzUjR0OW8AAQAraHR0cHM6Ly93d3cueW91dHViZS5jb20vd2F0Y2g/dj11Mk16aTNSNHQ5bwAHeW91dHViZQAAAAAAAAAA","op":"play","guildId":"491345457839079444"}
2022-03-13 16:59:22.494  INFO 23296 --- [XNIO-1 I/O-7] lavalink.server.io.SocketServer          : {"pause":true,"op":"pause","guildId":"491345457839079444"}
2022-03-13 17:01:32.787  INFO 23296 --- [XNIO-1 I/O-7] lavalink.server.io.SocketServer          : Connection closed from /127.0.0.1:51299 -- CloseStatus[code=1006, reason=]
2022-03-13 17:01:32.787  INFO 23296 --- [XNIO-1 I/O-7] lavalink.server.io.SocketContext         : Shutting down 0 playing players.
2022-03-13 17:03:21.388  INFO 23296 --- [XNIO-1 task-19] l.server.io.HandshakeInterceptorImpl     : Incoming connection from /127.0.0.1:51452
2022-03-13 17:03:21.390  INFO 23296 --- [XNIO-1 task-19] lavalink.server.io.SocketServer          : Connection successfully established
2022-03-13 17:03:21.391  WARN 23296 --- [XNIO-1 task-19] lavalink.server.io.SocketServer          : Library developers: Please specify a 'Client-Name' header.
2022-03-13 17:03:29.495  INFO 23296 --- [XNIO-1 I/O-8] lavalink.server.io.SocketServer          : {"sessionId":"8b2628b5b870dfd43bebbe5b06b6d951","event":{"token":"a0f00edf78c9f610","guild_id":"491345457839079444","endpoint":"us-central2729.discord.media:443"},"op":"voiceUpdate","guildId":"491345457839079444"}
2022-03-13 17:03:29.747  INFO 23296 --- [XNIO-1 task-20] l.server.player.AudioLoaderRestHandler   : Got request to load for identifier "ytsearch:e"
2022-03-13 17:03:30.189  INFO 23296 --- [lava-daemon-pool-info-loader-2-thread-1] lavalink.server.player.AudioLoader       : Loaded playlist Search results for: e
2022-03-13 17:03:30.212  INFO 23296 --- [XNIO-1 I/O-8] lavalink.server.io.SocketServer          : {"track":"QAAAkwIAKU1hdHQgTWFzb24gLSAiRSIgLSAoT0ZGSUNJQUwgTHlyaWMgdmlkZW8pABBNQVRUIE1BU09OIE1VU0lDAAAAAAADtTgACzNRREhOcElxd2tVAAEAK2h0dHBzOi8vd3d3LnlvdXR1YmUuY29tL3dhdGNoP3Y9M1FESE5wSXF3a1UAB3lvdXR1YmUAAAAAAAAAAA==","op":"play","guildId":"491345457839079444"}
2022-03-13 17:03:34.456  INFO 23296 --- [XNIO-1 I/O-8] lavalink.server.io.SocketServer          : {"pause":true,"op":"pause","guildId":"491345457839079444"}
2022-03-13 17:03:34.458  INFO 23296 --- [XNIO-1 I/O-8] lavalink.server.io.SocketServer          : {"pause":true,"op":"pause","guildId":"491345457839079444"}
2022-03-13 17:03:36.261  INFO 23296 --- [XNIO-1 I/O-8] lavalink.server.io.SocketServer          : {"pause":false,"op":"pause","guildId":"491345457839079444"}
2022-03-13 17:03:36.262  INFO 23296 --- [XNIO-1 I/O-8] lavalink.server.io.SocketServer          : {"pause":true,"op":"pause","guildId":"491345457839079444"}
2022-03-13 17:03:45.255  INFO 23296 --- [XNIO-1 I/O-8] lavalink.server.io.SocketServer          : Connection closed from /127.0.0.1:51452 -- CloseStatus[code=1006, reason=]
2022-03-13 17:03:45.255  INFO 23296 --- [XNIO-1 I/O-8] lavalink.server.io.SocketContext         : Shutting down 0 playing players.
2022-03-13 17:03:51.244  INFO 23296 --- [XNIO-1 task-22] l.server.io.HandshakeInterceptorImpl     : Incoming connection from /127.0.0.1:51472
2022-03-13 17:03:51.247  INFO 23296 --- [XNIO-1 task-22] lavalink.server.io.SocketServer          : Connection successfully established
2022-03-13 17:03:51.247  WARN 23296 --- [XNIO-1 task-22] lavalink.server.io.SocketServer          : Library developers: Please specify a 'Client-Name' header.
2022-03-13 17:03:54.592  INFO 23296 --- [XNIO-1 I/O-12] lavalink.server.io.SocketServer          : {"sessionId":"27cdc8770c69b832f31f54b61c5a1b27","event":{"token":"a0f00edf78c9f610","guild_id":"491345457839079444","endpoint":"us-central2729.discord.media:443"},"op":"voiceUpdate","guildId":"491345457839079444"}
2022-03-13 17:03:54.938  INFO 23296 --- [XNIO-1 task-23] l.server.player.AudioLoaderRestHandler   : Got request to load for identifier "ytsearch:e"
2022-03-13 17:03:55.294  INFO 23296 --- [lava-daemon-pool-info-loader-2-thread-1] lavalink.server.player.AudioLoader       : Loaded playlist Search results for: e
2022-03-13 17:03:55.309  INFO 23296 --- [XNIO-1 I/O-12] lavalink.server.io.SocketServer          : {"track":"QAAAkwIAKU1hdHQgTWFzb24gLSAiRSIgLSAoT0ZGSUNJQUwgTHlyaWMgdmlkZW8pABBNQVRUIE1BU09OIE1VU0lDAAAAAAADtTgACzNRREhOcElxd2tVAAEAK2h0dHBzOi8vd3d3LnlvdXR1YmUuY29tL3dhdGNoP3Y9M1FESE5wSXF3a1UAB3lvdXR1YmUAAAAAAAAAAA==","op":"play","guildId":"491345457839079444"}
2022-03-13 17:03:59.310  INFO 23296 --- [XNIO-1 I/O-12] lavalink.server.io.SocketServer          : {"pause":true,"op":"pause","guildId":"491345457839079444"}
2022-03-13 17:04:01.112  INFO 23296 --- [XNIO-1 I/O-12] lavalink.server.io.SocketServer          : {"pause":false,"op":"pause","guildId":"491345457839079444"}
2022-03-13 17:04:10.328  INFO 23296 --- [XNIO-1 I/O-12] lavalink.server.io.SocketServer          : {"pause":true,"op":"pause","guildId":"491345457839079444"}
2022-03-13 17:04:11.777  INFO 23296 --- [XNIO-1 I/O-12] lavalink.server.io.SocketServer          : {"pause":false,"op":"pause","guildId":"491345457839079444"}
2022-03-13 17:04:14.833  INFO 23296 --- [XNIO-1 I/O-12] lavalink.server.io.SocketServer          : {"op":"destroy","guildId":"491345457839079444"}
2022-03-13 17:04:59.190  INFO 23296 --- [XNIO-1 I/O-12] lavalink.server.io.SocketServer          : Connection closed from /127.0.0.1:51472 -- CloseStatus[code=1006, reason=]
2022-03-13 17:04:59.191  INFO 23296 --- [XNIO-1 I/O-12] lavalink.server.io.SocketContext         : Shutting down 0 playing players.
2022-03-13 17:14:09.150  INFO 23296 --- [XNIO-1 task-25] l.server.io.HandshakeInterceptorImpl     : Incoming connection from /127.0.0.1:51756
2022-03-13 17:14:09.153  INFO 23296 --- [XNIO-1 task-25] lavalink.server.io.SocketServer          : Connection successfully established
2022-03-13 17:14:09.153  WARN 23296 --- [XNIO-1 task-25] lavalink.server.io.SocketServer          : Library developers: Please specify a 'Client-Name' header.
2022-03-13 17:14:15.930  INFO 23296 --- [XNIO-1 I/O-8] lavalink.server.io.SocketServer          : {"sessionId":"5c9136a0762a925d52a44c0a28748b9d","event":{"token":"5551d33fd3ae8827","guild_id":"491345457839079444","endpoint":"us-central2729.discord.media:443"},"op":"voiceUpdate","guildId":"491345457839079444"}
2022-03-13 17:14:16.167  INFO 23296 --- [XNIO-1 task-26] l.server.player.AudioLoaderRestHandler   : Got request to load for identifier "ytsearch:entrance of the gladiators"
2022-03-13 17:14:16.700  INFO 23296 --- [lava-daemon-pool-info-loader-2-thread-1] lavalink.server.player.AudioLoader       : Loaded playlist Search results for: entrance of the gladiators
2022-03-13 17:14:16.718  INFO 23296 --- [XNIO-1 I/O-8] lavalink.server.io.SocketServer          : {"track":"QAAAkAIAJkp1bGl1cyBGdWNpayAtIEVudHJ5IG9mIHRoZSBHbGFkaWF0b3JzABBUaGUgV2lja2VkIE5vcnRoAAAAAAAC1pAAC19CMEN5T0FPOHkwAAEAK2h0dHBzOi8vd3d3LnlvdXR1YmUuY29tL3dhdGNoP3Y9X0IwQ3lPQU84eTAAB3lvdXR1YmUAAAAAAAAAAA==","op":"play","guildId":"491345457839079444"}
2022-03-13 17:17:53.138  INFO 23296 --- [XNIO-1 I/O-8] lavalink.server.io.SocketServer          : Connection closed from /127.0.0.1:51756 -- CloseStatus[code=1006, reason=]
2022-03-13 17:17:53.139  INFO 23296 --- [XNIO-1 I/O-8] lavalink.server.io.SocketContext         : Shutting down 0 playing players.
2022-03-13 17:18:28.934  INFO 23296 --- [XNIO-1 task-28] l.server.io.HandshakeInterceptorImpl     : Incoming connection from /127.0.0.1:51889
2022-03-13 17:18:28.937  INFO 23296 --- [XNIO-1 task-28] lavalink.server.io.SocketServer          : Connection successfully established
2022-03-13 17:18:28.937  WARN 23296 --- [XNIO-1 task-28] lavalink.server.io.SocketServer          : Library developers: Please specify a 'Client-Name' header.
2022-03-13 17:18:37.382  INFO 23296 --- [XNIO-1 I/O-5] lavalink.server.io.SocketServer          : {"sessionId":"abed67a0ba87105a9440bc9bcd0bb1d1","event":{"token":"8d3e402aeb2dccd6","guild_id":"491345457839079444","endpoint":"us-central2729.discord.media:443"},"op":"voiceUpdate","guildId":"491345457839079444"}
2022-03-13 17:18:37.631  INFO 23296 --- [XNIO-1 task-29] l.server.player.AudioLoaderRestHandler   : Got request to load for identifier "ytsearch:https://youtu.be/_vBVGjFdwk4"
2022-03-13 17:18:38.017  INFO 23296 --- [lava-daemon-pool-info-loader-2-thread-1] lavalink.server.player.AudioLoader       : Loaded playlist Search results for: https://youtu.be/_vBVGjFdwk4
2022-03-13 17:18:38.035  INFO 23296 --- [XNIO-1 I/O-5] lavalink.server.io.SocketServer          : {"track":"QAAAkwIALVRoZSBSb2NrIGV5ZWJyb3cgcmFpc2UgVmluZSBib29tIHNvdW5kIGVmZmVjdAAMQWFxaWIgSGFzc2FuAAAAAAAAE4gAC3FPUnBDNWxGcDY4AAEAK2h0dHBzOi8vd3d3LnlvdXR1YmUuY29tL3dhdGNoP3Y9cU9ScEM1bEZwNjgAB3lvdXR1YmUAAAAAAAAAAA==","op":"play","guildId":"491345457839079444"}
2022-03-13 17:19:14.347  INFO 23296 --- [XNIO-1 I/O-5] lavalink.server.io.SocketServer          : Connection closed from /127.0.0.1:51889 -- CloseStatus[code=1006, reason=]
2022-03-13 17:19:14.347  INFO 23296 --- [XNIO-1 I/O-5] lavalink.server.io.SocketContext         : Shutting down 0 playing players.
2022-03-13 17:19:41.411  INFO 23296 --- [XNIO-1 task-31] l.server.io.HandshakeInterceptorImpl     : Incoming connection from /127.0.0.1:62505
2022-03-13 17:19:41.414  INFO 23296 --- [XNIO-1 task-31] lavalink.server.io.SocketServer          : Connection successfully established
2022-03-13 17:19:41.414  WARN 23296 --- [XNIO-1 task-31] lavalink.server.io.SocketServer          : Library developers: Please specify a 'Client-Name' header.
2022-03-13 17:19:58.289  INFO 23296 --- [XNIO-1 I/O-13] lavalink.server.io.SocketServer          : {"sessionId":"e0beeff352b808a3ec145377532f6978","event":{"token":"8d3e402aeb2dccd6","guild_id":"491345457839079444","endpoint":"us-central2729.discord.media:443"},"op":"voiceUpdate","guildId":"491345457839079444"}
2022-03-13 17:19:58.513  INFO 23296 --- [XNIO-1 task-32] l.server.player.AudioLoaderRestHandler   : Got request to load for identifier "ytsearch:https://youtu.be/_vBVGjFdwk4"
2022-03-13 17:19:58.867  INFO 23296 --- [lava-daemon-pool-info-loader-2-thread-1] lavalink.server.player.AudioLoader       : Loaded playlist Search results for: https://youtu.be/_vBVGjFdwk4
2022-03-13 17:19:58.881  INFO 23296 --- [XNIO-1 I/O-13] lavalink.server.io.SocketServer          : {"track":"QAAAdAIAEk1lbWUgU291bmQgT1JJR0lOUwAIZ3IzM25ndXkAAAAAAAdeuAALMGNmV3J1RlZTM0EAAQAraHR0cHM6Ly93d3cueW91dHViZS5jb20vd2F0Y2g/dj0wY2ZXcnVGVlMzQQAHeW91dHViZQAAAAAAAAAA","op":"play","guildId":"491345457839079444"}
2022-03-13 17:20:21.604  INFO 23296 --- [XNIO-1 I/O-13] lavalink.server.io.SocketServer          : {"op":"destroy","guildId":"491345457839079444"}
2022-03-13 17:20:23.602  INFO 23296 --- [XNIO-1 I/O-13] lavalink.server.io.SocketServer          : {"sessionId":"e0beeff352b808a3ec145377532f6978","event":{"token":"b498905c6ab0958c","guild_id":"491345457839079444","endpoint":"us-central2729.discord.media:443"},"op":"voiceUpdate","guildId":"491345457839079444"}
2022-03-13 17:20:23.890  INFO 23296 --- [XNIO-1 task-34] l.server.player.AudioLoaderRestHandler   : Got request to load for identifier "ytsearch:https://youtu.be/_vBVGjFdwk4"
2022-03-13 17:20:24.150  INFO 23296 --- [lava-daemon-pool-info-loader-2-thread-1] lavalink.server.player.AudioLoader       : Loaded playlist Search results for: https://youtu.be/_vBVGjFdwk4
2022-03-13 17:20:24.155  INFO 23296 --- [XNIO-1 I/O-13] lavalink.server.io.SocketServer          : {"track":"QAAAdAIAEk1lbWUgU291bmQgT1JJR0lOUwAIZ3IzM25ndXkAAAAAAAdeuAALMGNmV3J1RlZTM0EAAQAraHR0cHM6Ly93d3cueW91dHViZS5jb20vd2F0Y2g/dj0wY2ZXcnVGVlMzQQAHeW91dHViZQAAAAAAAAAA","op":"play","guildId":"491345457839079444"}
2022-03-13 17:20:28.114  INFO 23296 --- [XNIO-1 I/O-13] lavalink.server.io.SocketServer          : {"op":"destroy","guildId":"491345457839079444"}
2022-03-13 17:20:32.315  INFO 23296 --- [XNIO-1 I/O-13] lavalink.server.io.SocketServer          : {"sessionId":"e0beeff352b808a3ec145377532f6978","event":{"token":"501fa38d4c826bf6","guild_id":"491345457839079444","endpoint":"us-central2729.discord.media:443"},"op":"voiceUpdate","guildId":"491345457839079444"}
2022-03-13 17:20:32.569  INFO 23296 --- [XNIO-1 task-36] l.server.player.AudioLoaderRestHandler   : Got request to load for identifier "ytsearch:vine boom sound effect"
2022-03-13 17:20:33.030  INFO 23296 --- [lava-daemon-pool-info-loader-2-thread-1] lavalink.server.player.AudioLoader       : Loaded playlist Search results for: vine boom sound effect
2022-03-13 17:20:33.034  INFO 23296 --- [XNIO-1 I/O-13] lavalink.server.io.SocketServer          : {"track":"QAAAlwIAMFZpbmUgQm9vbSBTb3VuZCBFZmZlY3QgKExvbmdlciBWZXJpc29uIEZvciBSZWFsKQANSXR6WWFCb3lKZXNzZQAAAAAAAA+gAAtfdkJWR2pGZHdrNAABACtodHRwczovL3d3dy55b3V0dWJlLmNvbS93YXRjaD92PV92QlZHakZkd2s0AAd5b3V0dWJlAAAAAAAAAAA=","op":"play","guildId":"491345457839079444"}
2022-03-13 17:20:54.653  INFO 23296 --- [XNIO-1 I/O-13] lavalink.server.io.SocketServer          : Connection closed from /127.0.0.1:62505 -- CloseStatus[code=1006, reason=]
2022-03-13 17:20:54.653  INFO 23296 --- [XNIO-1 I/O-13] lavalink.server.io.SocketContext         : Shutting down 0 playing players.
2022-03-13 17:25:40.649  INFO 23296 --- [XNIO-1 task-38] l.server.io.HandshakeInterceptorImpl     : Incoming connection from /127.0.0.1:62671
2022-03-13 17:25:40.652  INFO 23296 --- [XNIO-1 task-38] lavalink.server.io.SocketServer          : Connection successfully established
2022-03-13 17:25:40.653  WARN 23296 --- [XNIO-1 task-38] lavalink.server.io.SocketServer          : Library developers: Please specify a 'Client-Name' header.
2022-03-13 17:25:49.561  INFO 23296 --- [XNIO-1 I/O-3] lavalink.server.io.SocketServer          : {"sessionId":"c00ad84f12ab17bed70ad66a7ced8b0b","event":{"token":"d65d7c9112430e15","guild_id":"491345457839079444","endpoint":"us-central2729.discord.media:443"},"op":"voiceUpdate","guildId":"491345457839079444"}
2022-03-13 17:25:49.732  INFO 23296 --- [XNIO-1 task-39] l.server.player.AudioLoaderRestHandler   : Got request to load for identifier "ytsearch:vine boom sound effect"
2022-03-13 17:25:50.181  INFO 23296 --- [lava-daemon-pool-info-loader-2-thread-1] lavalink.server.player.AudioLoader       : Loaded playlist Search results for: vine boom sound effect
2022-03-13 17:25:50.196  INFO 23296 --- [XNIO-1 I/O-3] lavalink.server.io.SocketServer          : {"track":"QAAAlwIAMFZpbmUgQm9vbSBTb3VuZCBFZmZlY3QgKExvbmdlciBWZXJpc29uIEZvciBSZWFsKQANSXR6WWFCb3lKZXNzZQAAAAAAAA+gAAtfdkJWR2pGZHdrNAABACtodHRwczovL3d3dy55b3V0dWJlLmNvbS93YXRjaD92PV92QlZHakZkd2s0AAd5b3V0dWJlAAAAAAAAAAA=","op":"play","guildId":"491345457839079444"}
2022-03-13 17:25:53.841  INFO 23296 --- [XNIO-1 I/O-3] lavalink.server.io.SocketServer          : {"track":"QAAAlwIAMFZpbmUgQm9vbSBTb3VuZCBFZmZlY3QgKExvbmdlciBWZXJpc29uIEZvciBSZWFsKQANSXR6WWFCb3lKZXNzZQAAAAAAAA+gAAtfdkJWR2pGZHdrNAABACtodHRwczovL3d3dy55b3V0dWJlLmNvbS93YXRjaD92PV92QlZHakZkd2s0AAd5b3V0dWJlAAAAAAAAAAA=","op":"play","guildId":"491345457839079444"}
2022-03-13 17:25:57.315  INFO 23296 --- [XNIO-1 I/O-3] lavalink.server.io.SocketServer          : {"op":"destroy","guildId":"491345457839079444"}
2022-03-13 17:26:07.460  INFO 23296 --- [XNIO-1 I/O-3] lavalink.server.io.SocketServer          : {"sessionId":"c00ad84f12ab17bed70ad66a7ced8b0b","event":{"token":"7be436dbed596544","guild_id":"491345457839079444","endpoint":"us-central2729.discord.media:443"},"op":"voiceUpdate","guildId":"491345457839079444"}
2022-03-13 17:26:07.614  INFO 23296 --- [XNIO-1 task-41] l.server.player.AudioLoaderRestHandler   : Got request to load for identifier "ytsearch:vine boom sound effect"
2022-03-13 17:26:08.004  INFO 23296 --- [lava-daemon-pool-info-loader-2-thread-1] lavalink.server.player.AudioLoader       : Loaded playlist Search results for: vine boom sound effect
2022-03-13 17:26:08.010  INFO 23296 --- [XNIO-1 I/O-3] lavalink.server.io.SocketServer          : {"track":"QAAAlwIAMFZpbmUgQm9vbSBTb3VuZCBFZmZlY3QgKExvbmdlciBWZXJpc29uIEZvciBSZWFsKQANSXR6WWFCb3lKZXNzZQAAAAAAAA+gAAtfdkJWR2pGZHdrNAABACtodHRwczovL3d3dy55b3V0dWJlLmNvbS93YXRjaD92PV92QlZHakZkd2s0AAd5b3V0dWJlAAAAAAAAAAA=","op":"play","guildId":"491345457839079444"}
2022-03-13 17:26:24.944  INFO 23296 --- [XNIO-1 I/O-3] lavalink.server.io.SocketServer          : Connection closed from /127.0.0.1:62671 -- CloseStatus[code=1006, reason=]
2022-03-13 17:26:24.944  INFO 23296 --- [XNIO-1 I/O-3] lavalink.server.io.SocketContext         : Shutting down 0 playing players.
